
2024/01/12 (21:54:41) | ===> btop++ v.1.3.0
2024/01/12 (21:54:41) | INFO: Logger set to DEBUG
2024/01/12 (21:54:41) | DEBUG: Writing new config file
2024/01/12 (21:54:41) | ERROR: No UTF-8 locale detected!
Use --utf-force argument to force start if you're sure your terminal can handle it.
2024/01/12 (21:54:41) | INFO: Quitting! Runtime: 00:00:00

2024/01/12 (21:54:49) | ===> btop++ v.1.3.0
2024/01/12 (21:54:49) | INFO: Logger set to DEBUG
2024/01/12 (21:54:49) | ERROR: No UTF-8 locale detected!
Use --utf-force argument to force start if you're sure your terminal can handle it.
2024/01/12 (21:54:49) | INFO: Quitting! Runtime: 00:00:00

2024/01/12 (21:54:51) | ===> btop++ v.1.3.0
2024/01/12 (21:54:51) | INFO: Logger set to DEBUG
2024/01/12 (21:54:51) | ERROR: No UTF-8 locale detected!
Use --utf-force argument to force start if you're sure your terminal can handle it.
2024/01/12 (21:54:51) | INFO: Quitting! Runtime: 00:00:00

2024/01/12 (21:54:55) | ===> btop++ v.1.3.0
2024/01/12 (21:54:55) | INFO: Logger set to DEBUG
2024/01/12 (21:54:55) | ERROR: No UTF-8 locale detected!
Use --utf-force argument to force start if you're sure your terminal can handle it.
2024/01/12 (21:54:55) | INFO: Quitting! Runtime: 00:00:00

2024/01/12 (22:16:01) | ===> btop++ v.1.3.0
2024/01/12 (22:16:01) | INFO: Logger set to DEBUG
2024/01/12 (22:16:01) | ERROR: No UTF-8 locale detected!
Use --utf-force argument to force start if you're sure your terminal can handle it.
2024/01/12 (22:16:01) | INFO: Quitting! Runtime: 00:00:00

2024/01/12 (22:23:18) | ===> btop++ v.1.3.0
2024/01/12 (22:23:18) | INFO: Logger set to DEBUG
2024/01/12 (22:23:18) | ERROR: No UTF-8 locale detected!
Use --utf-force argument to force start if you're sure your terminal can handle it.
2024/01/12 (22:23:18) | INFO: Quitting! Runtime: 00:00:00

2024/01/12 (22:23:34) | ===> btop++ v.1.3.0
2024/01/12 (22:23:34) | INFO: Logger set to DEBUG
2024/01/12 (22:23:34) | WARNING: No UTF-8 locale detected! Forcing start with --utf-force argument.
2024/01/12 (22:23:34) | INFO: Running on /dev/pts/1
2024/01/12 (22:23:34) | INFO: Failed to load libnvidia-ml.so, NVIDIA GPUs will not be detected: libnvidia-ml.so.1: cannot open shared object file: No such file or directory
2024/01/12 (22:23:34) | INFO: Failed to load librocm_smi64.so, AMD GPUs will not be detected: librocm_smi64.so.1.0: cannot open shared object file: No such file or directory
2024/01/12 (22:23:34) | DEBUG: Shared::init() : Initialized.
2024/01/12 (22:23:34) | DEBUG: Loading theme file: /home/luffy/.config/btop/themes/catppuccin_mocha.theme

2024/01/12 (22:24:02) | ===> btop++ v.1.3.0
2024/01/12 (22:24:02) | INFO: Logger set to DEBUG
2024/01/12 (22:24:02) | ERROR: No UTF-8 locale detected!
Use --utf-force argument to force start if you're sure your terminal can handle it.
2024/01/12 (22:24:02) | INFO: Quitting! Runtime: 00:00:00

2024/01/12 (22:24:09) | ===> btop++ v.1.3.0
2024/01/12 (22:24:09) | INFO: Logger set to DEBUG
2024/01/12 (22:24:09) | WARNING: No UTF-8 locale detected! Forcing start with --utf-force argument.
2024/01/12 (22:24:09) | INFO: Running on /dev/pts/1
2024/01/12 (22:24:09) | INFO: Failed to load libnvidia-ml.so, NVIDIA GPUs will not be detected: libnvidia-ml.so.1: cannot open shared object file: No such file or directory
2024/01/12 (22:24:09) | INFO: Failed to load librocm_smi64.so, AMD GPUs will not be detected: librocm_smi64.so.1.0: cannot open shared object file: No such file or directory
2024/01/12 (22:24:09) | DEBUG: Shared::init() : Initialized.
2024/01/12 (22:24:09) | DEBUG: Loading theme file: /home/luffy/.config/btop/themes/catppuccin_mocha.theme
2024/01/12 (22:24:18) | DEBUG: Writing new config file
2024/01/12 (22:24:18) | INFO: Quitting! Runtime: 00:00:09

2024/01/13 (10:37:27) | ===> btop++ v.1.3.0
2024/01/13 (10:37:27) | INFO: Logger set to DEBUG
2024/01/13 (10:37:27) | ERROR: No UTF-8 locale detected!
Use --utf-force argument to force start if you're sure your terminal can handle it.
2024/01/13 (10:37:27) | INFO: Quitting! Runtime: 00:00:00

2024/01/13 (10:41:50) | ===> btop++ v.1.3.0
2024/01/13 (10:41:50) | INFO: Logger set to DEBUG
2024/01/13 (10:41:50) | ERROR: No UTF-8 locale detected!
Use --utf-force argument to force start if you're sure your terminal can handle it.
2024/01/13 (10:41:50) | INFO: Quitting! Runtime: 00:00:00

2024/01/13 (10:42:37) | ===> btop++ v.1.3.0
2024/01/13 (10:42:37) | INFO: Logger set to DEBUG
2024/01/13 (10:42:37) | ERROR: No UTF-8 locale detected!
Use --utf-force argument to force start if you're sure your terminal can handle it.
2024/01/13 (10:42:37) | INFO: Quitting! Runtime: 00:00:00

2024/01/13 (10:48:08) | ===> btop++ v.1.3.0
2024/01/13 (10:48:08) | INFO: Logger set to DEBUG
2024/01/13 (10:48:08) | ERROR: No UTF-8 locale detected!
Use --utf-force argument to force start if you're sure your terminal can handle it.
2024/01/13 (10:48:08) | INFO: Quitting! Runtime: 00:00:00

2024/01/13 (11:02:41) | ===> btop++ v.1.3.0
2024/01/13 (11:02:41) | INFO: Logger set to DEBUG
2024/01/13 (11:02:41) | ERROR: No UTF-8 locale detected!
Use --utf-force argument to force start if you're sure your terminal can handle it.
2024/01/13 (11:02:41) | INFO: Quitting! Runtime: 00:00:00

2024/01/13 (11:02:41) | ===> btop++ v.1.3.0
2024/01/13 (11:02:41) | INFO: Logger set to DEBUG
2024/01/13 (11:02:41) | ERROR: No UTF-8 locale detected!
Use --utf-force argument to force start if you're sure your terminal can handle it.
2024/01/13 (11:02:41) | INFO: Quitting! Runtime: 00:00:00

2024/01/13 (11:50:04) | ===> btop++ v.1.3.0
2024/01/13 (11:50:04) | INFO: Logger set to DEBUG
2024/01/13 (11:50:04) | ERROR: No UTF-8 locale detected!
Use --utf-force argument to force start if you're sure your terminal can handle it.
2024/01/13 (11:50:04) | INFO: Quitting! Runtime: 00:00:00

2024/01/13 (18:40:09) | ===> btop++ v.1.3.0
2024/01/13 (18:40:09) | INFO: Logger set to DEBUG
2024/01/13 (18:40:09) | ERROR: No UTF-8 locale detected!
Use --utf-force argument to force start if you're sure your terminal can handle it.
2024/01/13 (18:40:09) | INFO: Quitting! Runtime: 00:00:00

2024/01/13 (18:40:13) | ===> btop++ v.1.3.0
2024/01/13 (18:40:13) | INFO: Logger set to DEBUG
2024/01/13 (18:40:13) | ERROR: No UTF-8 locale detected!
Use --utf-force argument to force start if you're sure your terminal can handle it.
2024/01/13 (18:40:13) | INFO: Quitting! Runtime: 00:00:00

2024/01/13 (18:40:17) | ===> btop++ v.1.3.0
2024/01/13 (18:40:17) | INFO: Logger set to DEBUG
2024/01/13 (18:40:17) | ERROR: No UTF-8 locale detected!
Use --utf-force argument to force start if you're sure your terminal can handle it.
2024/01/13 (18:40:17) | INFO: Quitting! Runtime: 00:00:00

2024/01/13 (18:40:23) | ===> btop++ v.1.3.0
2024/01/13 (18:40:23) | INFO: Logger set to DEBUG
2024/01/13 (18:40:23) | ERROR: No UTF-8 locale detected!
Use --utf-force argument to force start if you're sure your terminal can handle it.
2024/01/13 (18:40:23) | INFO: Quitting! Runtime: 00:00:00

2024/01/13 (18:41:16) | ===> btop++ v.1.3.0
2024/01/13 (18:41:16) | INFO: Logger set to DEBUG
2024/01/13 (18:41:16) | WARNING: No UTF-8 locale detected! Forcing start with --utf-force argument.
2024/01/13 (18:41:16) | INFO: Running on /dev/pts/0
2024/01/13 (18:41:16) | INFO: Failed to load libnvidia-ml.so, NVIDIA GPUs will not be detected: libnvidia-ml.so.1: cannot open shared object file: No such file or directory
2024/01/13 (18:41:16) | INFO: Failed to load librocm_smi64.so, AMD GPUs will not be detected: librocm_smi64.so.1.0: cannot open shared object file: No such file or directory
2024/01/13 (18:41:16) | DEBUG: Shared::init() : Initialized.
2024/01/13 (18:41:16) | DEBUG: Loading theme file: /home/luffy/.config/btop/themes/catppuccin_mocha.theme
